<?xml version="1.0" encoding="UTF-8"?>
<!-- Generated by org.testng.reporters.JUnitReportReporter -->
<testsuite skipped="0" hostname="Kriti-PC" name="com.businesskeeper.testcases.TestCases_BusinessKeeper" tests="5" failures="0" timestamp="16 Feb 2021 15:26:39 GMT" time="65.033" errors="0">
  <testcase name="SignupTest" time="9.378" classname="com.businesskeeper.testcases.TestCases_BusinessKeeper"/>
  <testcase name="UserRegistrationNegativeTest" time="14.121" classname="com.businesskeeper.testcases.TestCases_BusinessKeeper"/>
  <testcase name="UserRegistrationPositiveTest" time="3.890" classname="com.businesskeeper.testcases.TestCases_BusinessKeeper"/>
  <testcase name="SearchProductTest" time="10.257" classname="com.businesskeeper.testcases.TestCases_BusinessKeeper"/>
  <testcase name="BuyProductTest" time="27.387" classname="com.businesskeeper.testcases.TestCases_BusinessKeeper"/>
</testsuite> <!-- com.businesskeeper.testcases.TestCases_BusinessKeeper -->
